[2006-12-12 08:21:30.2] [I] Starting up ...
[2006-12-12 08:21:30.2] [I] Arguments to main():
[2006-12-12 08:21:30.2] [I] LOG.properties = log/propertiesd
[2006-12-12 08:21:30.2] [I] WEBAPPS.dir = webapps
[2006-12-12 08:21:30.3] [I] WEBSERVERS.dir = webservers
[2006-12-12 08:21:30.3] [I] system.osName = Windows NT
[2006-12-12 08:21:30.3] [I] system.osVersion = 5.2 (Build 3790: Service Pack 1)
[2006-12-12 08:21:30.3] [I] system.osArchitecture = IA32
[2006-12-12 08:21:30.3] [I] system.nodeName = A-FABIJANIC
[2006-12-12 08:21:30.3] [I] system.currentDir = z:\poco\current\Servlet\runtime\
[2006-12-12 08:21:30.3] [I] system.homeDir = C:\Documents and Settings\fabijanica\
[2006-12-12 08:21:30.3] [I] system.tempDir = C:\DOCUME~1\FABIJA~1\LOCALS~1\Temp\
[2006-12-12 08:21:30.3] [I] application.argc = 1
[2006-12-12 08:21:30.3] [I] application.argv[0] = z:\poco\current\Servlet\runtime\MoltoD.exe
[2006-12-12 08:21:30.3] [I] application.baseName = MoltoD
[2006-12-12 08:21:30.3] [I] application.configDir = z:\poco\current\Servlet\runtime\
[2006-12-12 08:21:30.3] [I] application.dir = z:\poco\current\Servlet\runtime\
[2006-12-12 08:21:30.3] [I] application.name = MoltoD.exe
[2006-12-12 08:21:30.3] [I] application.path = z:\poco\current\Servlet\runtime\MoltoD.exe
[2006-12-12 08:21:30.3] [I] Startup OK.
[2006-12-12 08:21:30.4] [I] Loading from webapps ServletTest based in z:\poco\current\Servlet\runtime\webapps\ServletTest\
[2006-12-12 08:21:30.7] [I] Starting server z:\poco\current\Servlet\runtime\webservers\PocoServer\
[2006-12-12 08:21:58.2] [I] shutting down
[2006-12-12 08:22:52.7] [I] Starting up ...
[2006-12-12 08:22:52.7] [I] Arguments to main():
[2006-12-12 08:22:52.7] [I] LOG.properties = log/propertiesd
[2006-12-12 08:22:52.7] [I] WEBAPPS.dir = webapps
[2006-12-12 08:22:52.7] [I] WEBSERVERS.dir = webservers
[2006-12-12 08:22:52.7] [I] system.osName = Windows NT
[2006-12-12 08:22:52.7] [I] system.osVersion = 5.2 (Build 3790: Service Pack 1)
[2006-12-12 08:22:52.7] [I] system.osArchitecture = IA32
[2006-12-12 08:22:52.7] [I] system.nodeName = A-FABIJANIC
[2006-12-12 08:22:52.7] [I] system.currentDir = z:\poco\current\Servlet\runtime\
[2006-12-12 08:22:52.7] [I] system.homeDir = C:\Documents and Settings\fabijanica\
[2006-12-12 08:22:52.7] [I] system.tempDir = C:\DOCUME~1\FABIJA~1\LOCALS~1\Temp\
[2006-12-12 08:22:52.7] [I] application.argc = 1
[2006-12-12 08:22:52.7] [I] application.argv[0] = z:\poco\current\Servlet\runtime\MoltoD.exe
[2006-12-12 08:22:52.7] [I] application.baseName = MoltoD
[2006-12-12 08:22:52.7] [I] application.configDir = z:\poco\current\Servlet\runtime\
[2006-12-12 08:22:52.7] [I] application.dir = z:\poco\current\Servlet\runtime\
[2006-12-12 08:22:52.7] [I] application.name = MoltoD.exe
[2006-12-12 08:22:52.7] [I] application.path = z:\poco\current\Servlet\runtime\MoltoD.exe
[2006-12-12 08:22:52.7] [I] Startup OK.
[2006-12-12 08:22:52.8] [I] Loading from webapps ServletTest based in z:\poco\current\Servlet\runtime\webapps\ServletTest\
[2006-12-12 08:22:53.2] [I] Starting server z:\poco\current\Servlet\runtime\webservers\PocoServer\
[2006-12-12 08:23:53.5] [I] shutting down
[2006-12-12 08:26:26.8] [I] Starting up ...
[2006-12-12 08:26:26.8] [I] Arguments to main():
[2006-12-12 08:26:26.8] [I] LOG.properties = log/propertiesd
[2006-12-12 08:26:26.8] [I] WEBAPPS.dir = webapps
[2006-12-12 08:26:26.8] [I] WEBSERVERS.dir = webservers
[2006-12-12 08:26:26.8] [I] system.osName = Windows NT
[2006-12-12 08:26:26.8] [I] system.osVersion = 5.2 (Build 3790: Service Pack 1)
[2006-12-12 08:26:26.8] [I] system.osArchitecture = IA32
[2006-12-12 08:26:26.8] [I] system.nodeName = A-FABIJANIC
[2006-12-12 08:26:26.8] [I] system.currentDir = z:\poco\current\Servlet\runtime\
[2006-12-12 08:26:26.8] [I] system.homeDir = C:\Documents and Settings\fabijanica\
[2006-12-12 08:26:26.8] [I] system.tempDir = C:\DOCUME~1\FABIJA~1\LOCALS~1\Temp\
[2006-12-12 08:26:26.8] [I] application.argc = 1
[2006-12-12 08:26:26.8] [I] application.argv[0] = z:\poco\current\Servlet\runtime\MoltoD.exe
[2006-12-12 08:26:26.8] [I] application.baseName = MoltoD
[2006-12-12 08:26:26.8] [I] application.configDir = z:\poco\current\Servlet\runtime\
[2006-12-12 08:26:26.8] [I] application.dir = z:\poco\current\Servlet\runtime\
[2006-12-12 08:26:26.8] [I] application.name = MoltoD.exe
[2006-12-12 08:26:26.8] [I] application.path = z:\poco\current\Servlet\runtime\MoltoD.exe
[2006-12-12 08:26:26.8] [I] Startup OK.
[2006-12-12 08:26:27.0] [I] Loading from webapps ServletTest based in z:\poco\current\Servlet\runtime\webapps\ServletTest\
[2006-12-12 08:26:27.3] [I] Starting server z:\poco\current\Servlet\runtime\webservers\PocoServer\
[2006-12-12 08:27:18.6] [I] shutting down
[2006-12-12 08:28:26.7] [I] Starting up ...
[2006-12-12 08:28:26.7] [I] Arguments to main():
[2006-12-12 08:28:26.7] [I] LOG.properties = log/propertiesd
[2006-12-12 08:28:26.7] [I] WEBAPPS.dir = webapps
[2006-12-12 08:28:26.7] [I] WEBSERVERS.dir = webservers
[2006-12-12 08:28:26.7] [I] system.osName = Windows NT
[2006-12-12 08:28:26.7] [I] system.osVersion = 5.2 (Build 3790: Service Pack 1)
[2006-12-12 08:28:26.8] [I] system.osArchitecture = IA32
[2006-12-12 08:28:26.8] [I] system.nodeName = A-FABIJANIC
[2006-12-12 08:28:26.8] [I] system.currentDir = z:\poco\current\Servlet\runtime\
[2006-12-12 08:28:26.8] [I] system.homeDir = C:\Documents and Settings\fabijanica\
[2006-12-12 08:28:26.8] [I] system.tempDir = C:\DOCUME~1\FABIJA~1\LOCALS~1\Temp\
[2006-12-12 08:28:26.8] [I] application.argc = 1
[2006-12-12 08:28:26.8] [I] application.argv[0] = z:\poco\current\Servlet\runtime\MoltoD.exe
[2006-12-12 08:28:26.8] [I] application.baseName = MoltoD
[2006-12-12 08:28:26.8] [I] application.configDir = z:\poco\current\Servlet\runtime\
[2006-12-12 08:28:26.8] [I] application.dir = z:\poco\current\Servlet\runtime\
[2006-12-12 08:28:26.8] [I] application.name = MoltoD.exe
[2006-12-12 08:28:26.8] [I] application.path = z:\poco\current\Servlet\runtime\MoltoD.exe
[2006-12-12 08:28:26.8] [I] Startup OK.
[2006-12-12 08:28:26.9] [I] Loading from webapps ServletTest based in z:\poco\current\Servlet\runtime\webapps\ServletTest\
[2006-12-12 08:28:27.2] [I] Starting server z:\poco\current\Servlet\runtime\webservers\PocoServer\
[2006-12-12 08:29:02.7] [I] shutting down
[2006-12-12 09:56:42.4] [I] Starting up ...
[2006-12-12 09:56:42.9] [I] Arguments to main():
[2006-12-12 09:56:43.2] [I] LOG.properties = log/propertiesd
[2006-12-12 09:56:43.5] [I] WEBAPPS.dir = webapps
[2006-12-12 09:56:43.8] [I] WEBSERVERS.dir = webservers
[2006-12-12 09:56:44.0] [I] system.osName = Windows NT
[2006-12-12 09:56:44.3] [I] system.osVersion = 5.2 (Build 3790: Service Pack 1)
[2006-12-12 09:56:44.5] [I] system.osArchitecture = IA32
[2006-12-12 09:56:44.7] [I] system.nodeName = A-FABIJANIC
[2006-12-12 09:56:44.9] [I] system.currentDir = Z:\poco\current\Servlet\runtime\
[2006-12-12 09:56:45.2] [I] system.homeDir = C:\Documents and Settings\fabijanica\
[2006-12-12 09:56:45.4] [I] system.tempDir = C:\DOCUME~1\FABIJA~1\LOCALS~1\Temp\
[2006-12-12 09:56:45.7] [I] application.argc = 1
[2006-12-12 09:56:45.9] [I] application.argv[0] = C:\Program Files (x86)\Rational\PurifyPlus\cache\MoltoDPurify_Z_poco_current_Servlet_runtime.exe
[2006-12-12 09:56:46.1] [I] application.baseName = MoltoD
[2006-12-12 09:56:46.3] [I] application.configDir = Z:\poco\current\Servlet\runtime\
[2006-12-12 09:56:46.5] [I] application.dir = Z:\poco\current\Servlet\runtime\
[2006-12-12 09:56:46.7] [I] application.name = MoltoD.exe
[2006-12-12 09:56:46.9] [I] application.path = Z:\poco\current\Servlet\runtime\MoltoD.exe
[2006-12-12 09:56:47.2] [I] Startup OK.
[2006-12-12 10:25:41.7] [I] Starting up ...
[2006-12-12 10:25:41.7] [I] Arguments to main():
[2006-12-12 10:25:41.7] [I] LOG.properties = log/propertiesd
[2006-12-12 10:25:41.7] [I] WEBAPPS.dir = webapps
[2006-12-12 10:25:41.7] [I] WEBSERVERS.dir = webservers
[2006-12-12 10:25:41.7] [I] system.osName = Windows NT
[2006-12-12 10:25:41.7] [I] system.osVersion = 5.2 (Build 3790: Service Pack 1)
[2006-12-12 10:25:41.7] [I] system.osArchitecture = IA32
[2006-12-12 10:25:41.7] [I] system.nodeName = A-FABIJANIC
[2006-12-12 10:25:41.7] [I] system.currentDir = z:\poco\current\Servlet\runtime\
[2006-12-12 10:25:41.7] [I] system.homeDir = C:\Documents and Settings\fabijanica\
[2006-12-12 10:25:41.8] [I] system.tempDir = C:\DOCUME~1\FABIJA~1\LOCALS~1\Temp\
[2006-12-12 10:25:41.8] [I] application.argc = 1
[2006-12-12 10:25:41.8] [I] application.argv[0] = z:\poco\current\Servlet\runtime\MoltoD.exe
[2006-12-12 10:25:41.8] [I] application.baseName = MoltoD
[2006-12-12 10:25:41.8] [I] application.configDir = z:\poco\current\Servlet\runtime\
[2006-12-12 10:25:41.8] [I] application.dir = z:\poco\current\Servlet\runtime\
[2006-12-12 10:25:41.8] [I] application.name = MoltoD.exe
[2006-12-12 10:25:41.8] [I] application.path = z:\poco\current\Servlet\runtime\MoltoD.exe
[2006-12-12 10:25:41.8] [I] Startup OK.
[2006-12-12 10:25:41.9] [I] Loading from webapps ServletTest based in z:\poco\current\Servlet\runtime\webapps\ServletTest\
[2006-12-12 10:25:42.2] [I] Starting server z:\poco\current\Servlet\runtime\webservers\PocoServer\
[2006-12-12 10:25:47.7] [I] shutting down
[2006-12-12 13:48:07.2] [I] Starting up ...
[2006-12-12 13:48:07.2] [I] Arguments to main():
[2006-12-12 13:48:07.2] [I] LOG.properties = log/propertiesd
[2006-12-12 13:48:07.2] [I] WEBAPPS.dir = webapps
[2006-12-12 13:48:07.2] [I] WEBSERVERS.dir = webservers
[2006-12-12 13:48:07.2] [I] system.osName = Windows NT
[2006-12-12 13:48:07.2] [I] system.osVersion = 5.2 (Build 3790: Service Pack 1)
[2006-12-12 13:48:07.2] [I] system.osArchitecture = IA32
[2006-12-12 13:48:07.2] [I] system.nodeName = A-FABIJANIC
[2006-12-12 13:48:07.2] [I] system.currentDir = Z:\poco\current\Servlet\runtime\
[2006-12-12 13:48:07.2] [I] system.homeDir = C:\Documents and Settings\fabijanica\
[2006-12-12 13:48:07.3] [I] system.tempDir = C:\DOCUME~1\FABIJA~1\LOCALS~1\Temp\
[2006-12-12 13:48:07.3] [I] application.argc = 2
[2006-12-12 13:48:07.3] [I] application.argv[0] = z:\poco\current\Servlet\runtime\MoltoD.exe
[2006-12-12 13:48:07.3] [I] application.argv[1] = /wdir=Z:\poco\current\Servlet\runtime\
[2006-12-12 13:48:07.3] [I] application.baseName = MoltoD
[2006-12-12 13:48:07.3] [I] application.configDir = z:\poco\current\Servlet\runtime\
[2006-12-12 13:48:07.3] [I] application.dir = z:\poco\current\Servlet\runtime\
[2006-12-12 13:48:07.3] [I] application.name = MoltoD.exe
[2006-12-12 13:48:07.3] [I] application.path = z:\poco\current\Servlet\runtime\MoltoD.exe
[2006-12-12 13:48:07.3] [I] Startup OK.
[2006-12-12 13:48:07.4] [I] Loading from webapps ServletTest based in Z:\poco\current\Servlet\runtime\webapps\ServletTest\
[2006-12-12 13:48:07.7] [I] Starting server Z:\poco\current\Servlet\runtime\webservers\PocoServer\
[2006-12-12 13:48:13.2] [I] shutting down
[2006-12-12 13:48:41.6] [I] Starting up ...
[2006-12-12 13:48:42.0] [I] Arguments to main():
[2006-12-12 13:48:42.4] [I] LOG.properties = log/propertiesd
[2006-12-12 13:48:42.7] [I] WEBAPPS.dir = webapps
[2006-12-12 13:48:43.0] [I] WEBSERVERS.dir = webservers
[2006-12-12 13:48:43.3] [I] system.osName = Windows NT
[2006-12-12 13:48:43.5] [I] system.osVersion = 5.2 (Build 3790: Service Pack 1)
[2006-12-12 13:48:43.8] [I] system.osArchitecture = IA32
[2006-12-12 13:48:44.0] [I] system.nodeName = A-FABIJANIC
[2006-12-12 13:48:44.2] [I] system.currentDir = Z:\poco\current\Servlet\runtime\
[2006-12-12 13:48:44.4] [I] system.homeDir = C:\Documents and Settings\fabijanica\
[2006-12-12 13:48:44.7] [I] system.tempDir = C:\DOCUME~1\FABIJA~1\LOCALS~1\Temp\
[2006-12-12 13:48:45.0] [I] application.argc = 2
[2006-12-12 13:48:45.2] [I] application.argv[0] = C:\Program Files (x86)\Rational\PurifyPlus\cache\MoltoDPurify_Z_poco_current_Servlet_runtime.exe
[2006-12-12 13:48:45.4] [I] application.argv[1] = /wdir=Z:\\poco\\current\\Servlet\\runtime\\
[2006-12-12 13:48:45.6] [I] application.baseName = MoltoD
[2006-12-12 13:48:45.9] [I] application.configDir = Z:\poco\current\Servlet\runtime\
[2006-12-12 13:48:46.1] [I] application.dir = Z:\poco\current\Servlet\runtime\
[2006-12-12 13:48:46.3] [I] application.name = MoltoD.exe
[2006-12-12 13:48:46.6] [I] application.path = Z:\poco\current\Servlet\runtime\MoltoD.exe
[2006-12-12 13:48:46.8] [I] Startup OK.
[2006-12-12 13:55:17.9] [I] Starting up ...
[2006-12-12 13:55:17.9] [I] Arguments to main():
[2006-12-12 13:55:17.9] [I] LOG.properties = log/propertiesd
[2006-12-12 13:55:17.9] [I] WEBAPPS.dir = webapps
[2006-12-12 13:55:17.9] [I] WEBSERVERS.dir = webservers
[2006-12-12 13:55:17.9] [I] system.osName = Windows NT
[2006-12-12 13:55:17.9] [I] system.osVersion = 5.2 (Build 3790: Service Pack 1)
[2006-12-12 13:55:17.9] [I] system.osArchitecture = IA32
[2006-12-12 13:55:17.9] [I] system.nodeName = A-FABIJANIC
[2006-12-12 13:55:17.9] [I] system.currentDir = Z:\poco\current\Servlet\runtime\
[2006-12-12 13:55:18.0] [I] system.homeDir = C:\Documents and Settings\fabijanica\
[2006-12-12 13:55:18.0] [I] system.tempDir = C:\DOCUME~1\FABIJA~1\LOCALS~1\Temp\
[2006-12-12 13:55:18.0] [I] application.argc = 2
[2006-12-12 13:55:18.0] [I] application.argv[0] = z:\poco\current\Servlet\runtime\MoltoD.exe
[2006-12-12 13:55:18.0] [I] application.argv[1] = /wdir=Z:\poco\current\Servlet\runtime\
[2006-12-12 13:55:18.0] [I] application.baseName = MoltoD
[2006-12-12 13:55:18.0] [I] application.configDir = z:\poco\current\Servlet\runtime\
[2006-12-12 13:55:18.0] [I] application.dir = z:\poco\current\Servlet\runtime\
[2006-12-12 13:55:18.0] [I] application.name = MoltoD.exe
[2006-12-12 13:55:18.0] [I] application.path = z:\poco\current\Servlet\runtime\MoltoD.exe
[2006-12-12 13:55:18.0] [I] Startup OK.
[2006-12-12 13:55:18.1] [I] Loading from webapps ServletTest based in Z:\poco\current\Servlet\runtime\webapps\ServletTest\
[2006-12-12 13:55:18.4] [I] Starting server Z:\poco\current\Servlet\runtime\webservers\PocoServer\
[2006-12-12 14:03:09.4] [I] shutting down
[2006-12-13 12:57:39.3] [I] Starting up ...
[2006-12-13 12:57:39.4] [I] Arguments to main():
[2006-12-13 12:57:39.4] [I] LOG.properties = log/propertiesd
[2006-12-13 12:57:39.4] [I] WEBAPPS.dir = webapps
[2006-12-13 12:57:39.4] [I] WEBSERVERS.dir = webservers
[2006-12-13 12:57:39.4] [I] system.osName = Windows NT
[2006-12-13 12:57:39.4] [I] system.osVersion = 5.1 (Build 2600: Service Pack 2)
[2006-12-13 12:57:39.4] [I] system.osArchitecture = IA32
[2006-12-13 12:57:39.4] [I] system.nodeName = ALEX-VMWARE-2
[2006-12-13 12:57:39.4] [I] system.currentDir = z:\poco\current\Servlet\runtime\
[2006-12-13 12:57:39.4] [I] system.homeDir = C:\Documents and Settings\fabijanica\
[2006-12-13 12:57:39.5] [I] system.tempDir = C:\DOCUME~1\FABIJA~1\LOCALS~1\Temp\
[2006-12-13 12:57:39.5] [I] application.argc = 1
[2006-12-13 12:57:39.5] [I] application.argv[0] = z:\poco\current\Servlet\runtime\MoltoD.exe
[2006-12-13 12:57:39.5] [I] application.baseName = MoltoD
[2006-12-13 12:57:39.5] [I] application.configDir = z:\poco\current\Servlet\runtime\
[2006-12-13 12:57:39.5] [I] application.dir = z:\poco\current\Servlet\runtime\
[2006-12-13 12:57:39.5] [I] application.name = MoltoD.exe
[2006-12-13 12:57:39.5] [I] application.path = z:\poco\current\Servlet\runtime\MoltoD.exe
[2006-12-13 12:57:39.5] [I] Startup OK.
[2006-12-13 12:57:39.7] [I] Loading from webapps ServletTest based in z:\poco\current\Servlet\runtime\webapps\ServletTest\
[2006-12-13 12:57:40.6] [I] Starting server z:\poco\current\Servlet\runtime\webservers\PocoServer\
[2006-12-13 12:58:57.0] [I] shutting down
[2006-12-13 13:05:40.0] [I] Starting up ...
[2006-12-13 13:05:40.0] [I] Arguments to main():
[2006-12-13 13:05:40.0] [I] LOG.properties = log/propertiesd
[2006-12-13 13:05:40.0] [I] WEBAPPS.dir = webapps
[2006-12-13 13:05:40.0] [I] WEBSERVERS.dir = webservers
[2006-12-13 13:05:40.1] [I] system.osName = Windows NT
[2006-12-13 13:05:40.1] [I] system.osVersion = 5.1 (Build 2600: Service Pack 2)
[2006-12-13 13:05:40.1] [I] system.osArchitecture = IA32
[2006-12-13 13:05:40.1] [I] system.nodeName = ALEX-VMWARE-2
[2006-12-13 13:05:40.1] [I] system.currentDir = z:\poco\current\Servlet\runtime\
[2006-12-13 13:05:40.1] [I] system.homeDir = C:\Documents and Settings\fabijanica\
[2006-12-13 13:05:40.1] [I] system.tempDir = C:\DOCUME~1\FABIJA~1\LOCALS~1\Temp\
[2006-12-13 13:05:40.1] [I] application.argc = 1
[2006-12-13 13:05:40.1] [I] application.argv[0] = z:\poco\current\Servlet\runtime\MoltoD.exe
[2006-12-13 13:05:40.1] [I] application.baseName = MoltoD
[2006-12-13 13:05:40.1] [I] application.configDir = z:\poco\current\Servlet\runtime\
[2006-12-13 13:05:40.1] [I] application.dir = z:\poco\current\Servlet\runtime\
[2006-12-13 13:05:40.2] [I] application.name = MoltoD.exe
[2006-12-13 13:05:40.2] [I] application.path = z:\poco\current\Servlet\runtime\MoltoD.exe
[2006-12-13 13:05:40.2] [I] Startup OK.
[2006-12-13 13:05:40.4] [I] Loading from webapps ServletTest based in z:\poco\current\Servlet\runtime\webapps\ServletTest\
[2006-12-13 13:05:41.3] [I] Starting server z:\poco\current\Servlet\runtime\webservers\PocoServer\
[2006-12-13 13:05:47.1] [I] shutting down
[2006-12-13 15:52:36.8] [I] Starting up ...
[2006-12-13 15:52:36.8] [I] Arguments to main():
[2006-12-13 15:52:36.8] [I] LOG.properties = log/propertiesd
[2006-12-13 15:52:36.8] [I] WEBAPPS.dir = webapps
[2006-12-13 15:52:36.9] [I] WEBSERVERS.dir = webservers
[2006-12-13 15:52:36.9] [I] system.osName = Windows NT
[2006-12-13 15:52:36.9] [I] system.osVersion = 5.1 (Build 2600: Service Pack 2)
[2006-12-13 15:52:36.9] [I] system.osArchitecture = IA32
[2006-12-13 15:52:36.9] [I] system.nodeName = ALEX-VMWARE-2
[2006-12-13 15:52:36.9] [I] system.currentDir = z:\poco\current\Servlet\runtime\
[2006-12-13 15:52:36.9] [I] system.homeDir = C:\Documents and Settings\fabijanica\
[2006-12-13 15:52:36.9] [I] system.tempDir = C:\DOCUME~1\FABIJA~1\LOCALS~1\Temp\
[2006-12-13 15:52:36.9] [I] application.argc = 1
[2006-12-13 15:52:36.9] [I] application.argv[0] = z:\poco\current\Servlet\runtime\Moltod.exe
[2006-12-13 15:52:36.9] [I] application.baseName = Moltod
[2006-12-13 15:52:36.9] [I] application.configDir = z:\poco\current\Servlet\runtime\
[2006-12-13 15:52:37.0] [I] application.dir = z:\poco\current\Servlet\runtime\
[2006-12-13 15:52:37.0] [I] application.name = Moltod.exe
[2006-12-13 15:52:37.0] [I] application.path = z:\poco\current\Servlet\runtime\Moltod.exe
[2006-12-13 15:52:37.0] [I] Startup OK.
[2006-12-13 15:52:37.1] [I] Loading from webapps ServletTest based in z:\poco\current\Servlet\runtime\webapps\ServletTest\
[2006-12-13 15:52:38.1] [I] Starting server z:\poco\current\Servlet\runtime\webservers\PocoServer\
[2006-12-13 15:52:43.6] [I] shutting down
[2006-12-14 12:47:52.1] [I] Starting up ...
[2006-12-14 12:47:52.1] [I] Arguments to main():
[2006-12-14 12:47:52.1] [I] LOG.properties = log/propertiesd
[2006-12-14 12:47:52.1] [I] WEBAPPS.dir = webapps
[2006-12-14 12:47:52.1] [I] WEBSERVERS.dir = webservers
[2006-12-14 12:47:52.1] [I] system.osName = Windows NT
[2006-12-14 12:47:52.1] [I] system.osVersion = 5.2 (Build 3790: Service Pack 1)
[2006-12-14 12:47:52.1] [I] system.osArchitecture = IA32
[2006-12-14 12:47:52.1] [I] system.nodeName = A-FABIJANIC
[2006-12-14 12:47:52.1] [I] system.currentDir = z:\poco\current\Servlet\runtime\
[2006-12-14 12:47:52.1] [I] system.homeDir = C:\Documents and Settings\fabijanica\
[2006-12-14 12:47:52.1] [I] system.tempDir = C:\DOCUME~1\FABIJA~1\LOCALS~1\Temp\
[2006-12-14 12:47:52.1] [I] application.argc = 1
[2006-12-14 12:47:52.1] [I] application.argv[0] = z:\poco\current\Servlet\runtime\Moltod.exe
[2006-12-14 12:47:52.1] [I] application.baseName = Moltod
[2006-12-14 12:47:52.1] [I] application.configDir = z:\poco\current\Servlet\runtime\
[2006-12-14 12:47:52.2] [I] application.dir = z:\poco\current\Servlet\runtime\
[2006-12-14 12:47:52.2] [I] application.name = Moltod.exe
[2006-12-14 12:47:52.2] [I] application.path = z:\poco\current\Servlet\runtime\Moltod.exe
[2006-12-14 12:47:52.2] [I] Startup OK.
[2006-12-14 12:47:52.3] [I] Loading from webapps ServletTest based in z:\poco\current\Servlet\runtime\webapps\ServletTest\
[2006-12-14 12:47:52.7] [E] Cannot load library: No manifest in z:\poco\current\Servlet\runtime\webapps\ServletTest\WEB-INF\classes\TestServletd.dll
[2006-12-14 12:47:52.7] [I] Starting server z:\poco\current\Servlet\runtime\webservers\PocoServer\
[2006-12-14 12:48:00.6] [I] shutting down
[2006-12-14 12:49:01.7] [I] Starting up ...
[2006-12-14 12:49:01.7] [I] Arguments to main():
[2006-12-14 12:49:01.7] [I] LOG.properties = log/propertiesd
[2006-12-14 12:49:01.7] [I] WEBAPPS.dir = webapps
[2006-12-14 12:49:01.7] [I] WEBSERVERS.dir = webservers
[2006-12-14 12:49:01.7] [I] system.osName = Windows NT
[2006-12-14 12:49:01.7] [I] system.osVersion = 5.2 (Build 3790: Service Pack 1)
[2006-12-14 12:49:01.7] [I] system.osArchitecture = IA32
[2006-12-14 12:49:01.7] [I] system.nodeName = A-FABIJANIC
[2006-12-14 12:49:01.7] [I] system.currentDir = z:\poco\current\Servlet\runtime\
[2006-12-14 12:49:01.7] [I] system.homeDir = C:\Documents and Settings\fabijanica\
[2006-12-14 12:49:01.7] [I] system.tempDir = C:\DOCUME~1\FABIJA~1\LOCALS~1\Temp\
[2006-12-14 12:49:01.7] [I] application.argc = 1
[2006-12-14 12:49:01.7] [I] application.argv[0] = z:\poco\current\Servlet\runtime\Moltod.exe
[2006-12-14 12:49:01.7] [I] application.baseName = Moltod
[2006-12-14 12:49:01.7] [I] application.configDir = z:\poco\current\Servlet\runtime\
[2006-12-14 12:49:01.7] [I] application.dir = z:\poco\current\Servlet\runtime\
[2006-12-14 12:49:01.7] [I] application.name = Moltod.exe
[2006-12-14 12:49:01.8] [I] application.path = z:\poco\current\Servlet\runtime\Moltod.exe
[2006-12-14 12:49:01.8] [I] Startup OK.
[2006-12-14 12:49:01.9] [I] Loading from webapps ServletTest based in z:\poco\current\Servlet\runtime\webapps\ServletTest\
[2006-12-14 12:49:02.3] [E] Cannot load library: No manifest in z:\poco\current\Servlet\runtime\webapps\ServletTest\WEB-INF\classes\TestServletd.dll
[2006-12-14 12:49:02.3] [I] Starting server z:\poco\current\Servlet\runtime\webservers\PocoServer\
[2006-12-14 12:49:27.9] [I] shutting down
[2006-12-14 12:59:07.2] [I] Starting up ...
[2006-12-14 12:59:07.2] [I] Arguments to main():
[2006-12-14 12:59:07.2] [I] LOG.properties = log/propertiesd
[2006-12-14 12:59:07.2] [I] WEBAPPS.dir = webapps
[2006-12-14 12:59:07.2] [I] WEBSERVERS.dir = webservers
[2006-12-14 12:59:07.2] [I] system.osName = Windows NT
[2006-12-14 12:59:07.2] [I] system.osVersion = 5.2 (Build 3790: Service Pack 1)
[2006-12-14 12:59:07.2] [I] system.osArchitecture = IA32
[2006-12-14 12:59:07.2] [I] system.nodeName = A-FABIJANIC
[2006-12-14 12:59:07.2] [I] system.currentDir = z:\poco\current\Servlet\runtime\
[2006-12-14 12:59:07.2] [I] system.homeDir = C:\Documents and Settings\fabijanica\
[2006-12-14 12:59:07.2] [I] system.tempDir = C:\DOCUME~1\FABIJA~1\LOCALS~1\Temp\
[2006-12-14 12:59:07.2] [I] application.argc = 1
[2006-12-14 12:59:07.2] [I] application.argv[0] = z:\poco\current\Servlet\runtime\Moltod.exe
[2006-12-14 12:59:07.3] [I] application.baseName = Moltod
[2006-12-14 12:59:07.3] [I] application.configDir = z:\poco\current\Servlet\runtime\
[2006-12-14 12:59:07.3] [I] application.dir = z:\poco\current\Servlet\runtime\
[2006-12-14 12:59:07.3] [I] application.name = Moltod.exe
[2006-12-14 12:59:07.3] [I] application.path = z:\poco\current\Servlet\runtime\Moltod.exe
[2006-12-14 12:59:07.3] [I] Startup OK.
[2006-12-14 12:59:07.4] [I] Loading from webapps ServletTest based in z:\poco\current\Servlet\runtime\webapps\ServletTest\
[2006-12-14 12:59:07.8] [E] Cannot load library: No manifest in z:\poco\current\Servlet\runtime\webapps\ServletTest\WEB-INF\classes\TestServletd.dll
[2006-12-14 12:59:07.8] [I] Starting server z:\poco\current\Servlet\runtime\webservers\PocoServer\
[2006-12-14 13:00:59.2] [I] shutting down
[2006-12-14 13:31:12.4] [I] shutting down
[2006-12-14 13:31:29.1] [I] Starting up ...
[2006-12-14 13:31:29.1] [I] Arguments to main():
[2006-12-14 13:31:29.1] [I] LOG.properties = log/propertiesd
[2006-12-14 13:31:29.1] [I] WEBAPPS.dir = webapps
[2006-12-14 13:31:29.1] [I] WEBSERVERS.dir = webservers
[2006-12-14 13:31:29.1] [I] system.osName = Windows NT
[2006-12-14 13:31:29.1] [I] system.osVersion = 5.2 (Build 3790: Service Pack 1)
[2006-12-14 13:31:29.1] [I] system.osArchitecture = IA32
[2006-12-14 13:31:29.2] [I] system.nodeName = A-FABIJANIC
[2006-12-14 13:31:29.2] [I] system.currentDir = Z:\poco\current\Servlet\runtime\
[2006-12-14 13:31:29.2] [I] system.homeDir = C:\Documents and Settings\fabijanica\
[2006-12-14 13:31:29.2] [I] system.tempDir = C:\DOCUME~1\FABIJA~1\LOCALS~1\Temp\
[2006-12-14 13:31:29.2] [I] application.argc = 1
[2006-12-14 13:31:29.2] [I] application.argv[0] = Moltod.exe
[2006-12-14 13:31:29.2] [I] application.baseName = Moltod
[2006-12-14 13:31:29.2] [I] application.configDir = Z:\poco\current\Servlet\runtime\
[2006-12-14 13:31:29.2] [I] application.dir = Z:\poco\current\Servlet\runtime\
[2006-12-14 13:31:29.2] [I] application.name = Moltod.exe
[2006-12-14 13:31:29.2] [I] application.path = Z:\poco\current\Servlet\runtime\Moltod.exe
[2006-12-14 13:31:29.2] [I] Startup OK.
[2006-12-14 13:31:29.4] [I] Loading from webapps ServletTest based in Z:\poco\current\Servlet\runtime\webapps\ServletTest\
[2006-12-14 13:31:29.8] [E] Cannot load library: No manifest in Z:\poco\current\Servlet\runtime\webapps\ServletTest\WEB-INF\classes\TestServletd.dll
[2006-12-14 13:31:29.8] [I] Starting server Z:\poco\current\Servlet\runtime\webservers\PocoServer\
[2006-12-14 13:31:38.8] [I] shutting down
[2006-12-14 13:32:30.8] [I] Starting up ...
[2006-12-14 13:32:30.8] [I] Arguments to main():
[2006-12-14 13:32:30.8] [I] LOG.properties = log/propertiesd
[2006-12-14 13:32:30.8] [I] WEBAPPS.dir = webapps
[2006-12-14 13:32:30.8] [I] WEBSERVERS.dir = webservers
[2006-12-14 13:32:30.8] [I] system.osName = Windows NT
[2006-12-14 13:32:30.8] [I] system.osVersion = 5.2 (Build 3790: Service Pack 1)
[2006-12-14 13:32:30.8] [I] system.osArchitecture = IA32
[2006-12-14 13:32:30.8] [I] system.nodeName = A-FABIJANIC
[2006-12-14 13:32:30.8] [I] system.currentDir = z:\poco\current\Servlet\runtime\
[2006-12-14 13:32:30.8] [I] system.homeDir = C:\Documents and Settings\fabijanica\
[2006-12-14 13:32:30.9] [I] system.tempDir = C:\DOCUME~1\FABIJA~1\LOCALS~1\Temp\
[2006-12-14 13:32:30.9] [I] application.argc = 1
[2006-12-14 13:32:30.9] [I] application.argv[0] = z:\poco\current\Servlet\runtime\Moltod.exe
[2006-12-14 13:32:30.9] [I] application.baseName = Moltod
[2006-12-14 13:32:30.9] [I] application.configDir = z:\poco\current\Servlet\runtime\
[2006-12-14 13:32:30.9] [I] application.dir = z:\poco\current\Servlet\runtime\
[2006-12-14 13:32:30.9] [I] application.name = Moltod.exe
[2006-12-14 13:32:30.9] [I] application.path = z:\poco\current\Servlet\runtime\Moltod.exe
[2006-12-14 13:32:30.9] [I] Startup OK.
[2006-12-14 13:32:31.1] [I] Loading from webapps ServletTest based in z:\poco\current\Servlet\runtime\webapps\ServletTest\
[2006-12-14 13:32:31.5] [E] Cannot load library: No manifest in z:\poco\current\Servlet\runtime\webapps\ServletTest\WEB-INF\classes\TestServletd.dll
[2006-12-14 13:32:31.5] [I] Starting server z:\poco\current\Servlet\runtime\webservers\PocoServer\
[2006-12-14 13:33:59.0] [I] Starting up ...
[2006-12-14 13:33:59.0] [I] Arguments to main():
[2006-12-14 13:33:59.0] [I] LOG.properties = log/propertiesd
[2006-12-14 13:33:59.0] [I] WEBAPPS.dir = webapps
[2006-12-14 13:33:59.0] [I] WEBSERVERS.dir = webservers
[2006-12-14 13:33:59.0] [I] system.osName = Windows NT
[2006-12-14 13:33:59.0] [I] system.osVersion = 5.2 (Build 3790: Service Pack 1)
[2006-12-14 13:33:59.0] [I] system.osArchitecture = IA32
[2006-12-14 13:33:59.0] [I] system.nodeName = A-FABIJANIC
[2006-12-14 13:33:59.0] [I] system.currentDir = z:\poco\current\Servlet\runtime\
[2006-12-14 13:33:59.0] [I] system.homeDir = C:\Documents and Settings\fabijanica\
[2006-12-14 13:33:59.0] [I] system.tempDir = C:\DOCUME~1\FABIJA~1\LOCALS~1\Temp\
[2006-12-14 13:33:59.0] [I] application.argc = 1
[2006-12-14 13:33:59.0] [I] application.argv[0] = z:\poco\current\Servlet\runtime\Moltod.exe
[2006-12-14 13:33:59.0] [I] application.baseName = Moltod
[2006-12-14 13:33:59.0] [I] application.configDir = z:\poco\current\Servlet\runtime\
[2006-12-14 13:33:59.0] [I] application.dir = z:\poco\current\Servlet\runtime\
[2006-12-14 13:33:59.0] [I] application.name = Moltod.exe
[2006-12-14 13:33:59.0] [I] application.path = z:\poco\current\Servlet\runtime\Moltod.exe
[2006-12-14 13:33:59.0] [I] Startup OK.
[2006-12-14 13:34:08.9] [I] Loading from webapps ServletTest based in z:\poco\current\Servlet\runtime\webapps\ServletTest\
[2006-12-14 13:34:30.0] [E] Cannot load library: No manifest in z:\poco\current\Servlet\runtime\webapps\ServletTest\WEB-INF\classes\TestServletd.dll
[2006-12-14 13:34:30.0] [I] Starting server z:\poco\current\Servlet\runtime\webservers\PocoServer\
[2006-12-14 13:34:50.4] [I] Starting up ...
[2006-12-14 13:34:50.4] [I] Arguments to main():
[2006-12-14 13:34:50.4] [I] LOG.properties = log/propertiesd
[2006-12-14 13:34:50.4] [I] WEBAPPS.dir = webapps
[2006-12-14 13:34:50.4] [I] WEBSERVERS.dir = webservers
[2006-12-14 13:34:50.4] [I] system.osName = Windows NT
[2006-12-14 13:34:50.4] [I] system.osVersion = 5.2 (Build 3790: Service Pack 1)
[2006-12-14 13:34:50.4] [I] system.osArchitecture = IA32
[2006-12-14 13:34:50.4] [I] system.nodeName = A-FABIJANIC
[2006-12-14 13:34:50.4] [I] system.currentDir = z:\poco\current\Servlet\runtime\
[2006-12-14 13:34:50.4] [I] system.homeDir = C:\Documents and Settings\fabijanica\
[2006-12-14 13:34:50.4] [I] system.tempDir = C:\DOCUME~1\FABIJA~1\LOCALS~1\Temp\
[2006-12-14 13:34:50.4] [I] application.argc = 1
[2006-12-14 13:34:50.4] [I] application.argv[0] = z:\poco\current\Servlet\runtime\Moltod.exe
[2006-12-14 13:34:50.4] [I] application.baseName = Moltod
[2006-12-14 13:34:50.4] [I] application.configDir = z:\poco\current\Servlet\runtime\
[2006-12-14 13:34:50.5] [I] application.dir = z:\poco\current\Servlet\runtime\
[2006-12-14 13:34:50.5] [I] application.name = Moltod.exe
[2006-12-14 13:34:50.5] [I] application.path = z:\poco\current\Servlet\runtime\Moltod.exe
[2006-12-14 13:34:50.5] [I] Startup OK.
[2006-12-14 13:35:00.6] [I] Loading from webapps ServletTest based in z:\poco\current\Servlet\runtime\webapps\ServletTest\
[2006-12-14 13:35:50.4] [I] Starting up ...
[2006-12-14 13:35:50.4] [I] Arguments to main():
[2006-12-14 13:35:50.4] [I] LOG.properties = log/propertiesd
[2006-12-14 13:35:50.4] [I] WEBAPPS.dir = webapps
[2006-12-14 13:35:50.4] [I] WEBSERVERS.dir = webservers
[2006-12-14 13:35:50.4] [I] system.osName = Windows NT
[2006-12-14 13:35:50.4] [I] system.osVersion = 5.2 (Build 3790: Service Pack 1)
[2006-12-14 13:35:50.4] [I] system.osArchitecture = IA32
[2006-12-14 13:35:50.4] [I] system.nodeName = A-FABIJANIC
[2006-12-14 13:35:50.5] [I] system.currentDir = z:\poco\current\Servlet\runtime\
[2006-12-14 13:35:50.5] [I] system.homeDir = C:\Documents and Settings\fabijanica\
[2006-12-14 13:35:50.5] [I] system.tempDir = C:\DOCUME~1\FABIJA~1\LOCALS~1\Temp\
[2006-12-14 13:35:50.5] [I] application.argc = 1
[2006-12-14 13:35:50.5] [I] application.argv[0] = z:\poco\current\Servlet\runtime\Moltod.exe
[2006-12-14 13:35:50.5] [I] application.baseName = Moltod
[2006-12-14 13:35:50.5] [I] application.configDir = z:\poco\current\Servlet\runtime\
[2006-12-14 13:35:50.5] [I] application.dir = z:\poco\current\Servlet\runtime\
[2006-12-14 13:35:50.5] [I] application.name = Moltod.exe
[2006-12-14 13:35:50.5] [I] application.path = z:\poco\current\Servlet\runtime\Moltod.exe
[2006-12-14 13:35:50.5] [I] Startup OK.
[2006-12-14 13:36:15.9] [I] Loading from webapps ServletTest based in z:\poco\current\Servlet\runtime\webapps\ServletTest\
[2006-12-14 13:36:55.2] [E] Cannot load library: No manifest in z:\poco\current\Servlet\runtime\webapps\ServletTest\WEB-INF\classes\TestServletd.dll
[2006-12-14 13:42:07.6] [I] Starting up ...
[2006-12-14 13:42:07.7] [I] Arguments to main():
[2006-12-14 13:42:07.7] [I] LOG.properties = log/propertiesd
[2006-12-14 13:42:07.7] [I] WEBAPPS.dir = webapps
[2006-12-14 13:42:07.7] [I] WEBSERVERS.dir = webservers
[2006-12-14 13:42:07.7] [I] system.osName = Windows NT
[2006-12-14 13:42:07.7] [I] system.osVersion = 5.2 (Build 3790: Service Pack 1)
[2006-12-14 13:42:07.7] [I] system.osArchitecture = IA32
[2006-12-14 13:42:07.7] [I] system.nodeName = A-FABIJANIC
[2006-12-14 13:42:07.7] [I] system.currentDir = z:\poco\current\Servlet\runtime\
[2006-12-14 13:42:07.7] [I] system.homeDir = C:\Documents and Settings\fabijanica\
[2006-12-14 13:42:07.7] [I] system.tempDir = C:\DOCUME~1\FABIJA~1\LOCALS~1\Temp\
[2006-12-14 13:42:07.7] [I] application.argc = 1
[2006-12-14 13:42:07.7] [I] application.argv[0] = z:\poco\current\Servlet\runtime\Moltod.exe
[2006-12-14 13:42:07.7] [I] application.baseName = Moltod
[2006-12-14 13:42:07.7] [I] application.configDir = z:\poco\current\Servlet\runtime\
[2006-12-14 13:42:07.7] [I] application.dir = z:\poco\current\Servlet\runtime\
[2006-12-14 13:42:07.7] [I] application.name = Moltod.exe
[2006-12-14 13:42:07.7] [I] application.path = z:\poco\current\Servlet\runtime\Moltod.exe
[2006-12-14 13:42:07.7] [I] Startup OK.
[2006-12-14 13:42:07.9] [I] Loading from webapps ServletTest based in z:\poco\current\Servlet\runtime\webapps\ServletTest\
[2006-12-14 13:42:08.2] [E] Runtime exception: Servlet SingletonTestServlet [class SingletonTestServlet] failed to load
[2006-12-14 13:42:08.2] [I] Starting server z:\poco\current\Servlet\runtime\webservers\PocoServer\
[2006-12-14 13:42:36.6] [I] shutting down
[2006-12-14 13:45:05.2] [I] Starting up ...
[2006-12-14 13:45:05.2] [I] Arguments to main():
[2006-12-14 13:45:05.3] [I] LOG.properties = log/propertiesd
[2006-12-14 13:45:05.3] [I] WEBAPPS.dir = webapps
[2006-12-14 13:45:05.3] [I] WEBSERVERS.dir = webservers
[2006-12-14 13:45:05.3] [I] system.osName = Windows NT
[2006-12-14 13:45:05.3] [I] system.osVersion = 5.2 (Build 3790: Service Pack 1)
[2006-12-14 13:45:05.3] [I] system.osArchitecture = IA32
[2006-12-14 13:45:05.3] [I] system.nodeName = A-FABIJANIC
[2006-12-14 13:45:05.3] [I] system.currentDir = z:\poco\current\Servlet\runtime\
[2006-12-14 13:45:05.3] [I] system.homeDir = C:\Documents and Settings\fabijanica\
[2006-12-14 13:45:05.3] [I] system.tempDir = C:\DOCUME~1\FABIJA~1\LOCALS~1\Temp\
[2006-12-14 13:45:05.3] [I] application.argc = 1
[2006-12-14 13:45:05.3] [I] application.argv[0] = z:\poco\current\Servlet\runtime\Moltod.exe
[2006-12-14 13:45:05.3] [I] application.baseName = Moltod
[2006-12-14 13:45:05.3] [I] application.configDir = z:\poco\current\Servlet\runtime\
[2006-12-14 13:45:05.3] [I] application.dir = z:\poco\current\Servlet\runtime\
[2006-12-14 13:45:05.3] [I] application.name = Moltod.exe
[2006-12-14 13:45:05.3] [I] application.path = z:\poco\current\Servlet\runtime\Moltod.exe
[2006-12-14 13:45:05.3] [I] Startup OK.
[2006-12-14 13:45:05.5] [I] Loading from webapps ServletTest based in z:\poco\current\Servlet\runtime\webapps\ServletTest\
[2006-12-14 13:45:05.8] [E] Runtime exception: Servlet SingletonTestServlet [class SingletonTestServlet] failed to load
[2006-12-14 13:45:05.8] [I] Starting server z:\poco\current\Servlet\runtime\webservers\PocoServer\
[2006-12-14 13:45:18.7] [I] shutting down
[2006-12-14 13:46:20.5] [I] Starting up ...
[2006-12-14 13:46:20.5] [I] Arguments to main():
[2006-12-14 13:46:20.5] [I] LOG.properties = log/propertiesd
[2006-12-14 13:46:20.5] [I] WEBAPPS.dir = webapps
[2006-12-14 13:46:20.5] [I] WEBSERVERS.dir = webservers
[2006-12-14 13:46:20.5] [I] system.osName = Windows NT
[2006-12-14 13:46:20.5] [I] system.osVersion = 5.2 (Build 3790: Service Pack 1)
[2006-12-14 13:46:20.5] [I] system.osArchitecture = IA32
[2006-12-14 13:46:20.5] [I] system.nodeName = A-FABIJANIC
[2006-12-14 13:46:20.5] [I] system.currentDir = z:\poco\current\Servlet\runtime\
[2006-12-14 13:46:20.5] [I] system.homeDir = C:\Documents and Settings\fabijanica\
[2006-12-14 13:46:20.5] [I] system.tempDir = C:\DOCUME~1\FABIJA~1\LOCALS~1\Temp\
[2006-12-14 13:46:20.5] [I] application.argc = 1
[2006-12-14 13:46:20.5] [I] application.argv[0] = z:\poco\current\Servlet\runtime\Moltod.exe
[2006-12-14 13:46:20.5] [I] application.baseName = Moltod
[2006-12-14 13:46:20.5] [I] application.configDir = z:\poco\current\Servlet\runtime\
[2006-12-14 13:46:20.5] [I] application.dir = z:\poco\current\Servlet\runtime\
[2006-12-14 13:46:20.5] [I] application.name = Moltod.exe
[2006-12-14 13:46:20.6] [I] application.path = z:\poco\current\Servlet\runtime\Moltod.exe
[2006-12-14 13:46:20.6] [I] Startup OK.
[2006-12-14 13:46:20.7] [I] Loading from webapps ServletTest based in z:\poco\current\Servlet\runtime\webapps\ServletTest\
[2006-12-14 13:46:21.1] [E] Runtime exception: Servlet SingletonTestServlet [class SingletonTestServlet] failed to load
[2006-12-14 13:46:21.1] [I] Starting server z:\poco\current\Servlet\runtime\webservers\PocoServer\
[2006-12-14 13:51:28.4] [I] Starting up ...
[2006-12-14 13:51:28.4] [I] Arguments to main():
[2006-12-14 13:51:28.4] [I] LOG.properties = log/propertiesd
[2006-12-14 13:51:28.4] [I] WEBAPPS.dir = webapps
[2006-12-14 13:51:28.4] [I] WEBSERVERS.dir = webservers
[2006-12-14 13:51:28.4] [I] system.osName = Windows NT
[2006-12-14 13:51:28.4] [I] system.osVersion = 5.2 (Build 3790: Service Pack 1)
[2006-12-14 13:51:28.4] [I] system.osArchitecture = IA32
[2006-12-14 13:51:28.4] [I] system.nodeName = A-FABIJANIC
[2006-12-14 13:51:28.4] [I] system.currentDir = z:\poco\current\Servlet\runtime\
[2006-12-14 13:51:28.4] [I] system.homeDir = C:\Documents and Settings\fabijanica\
[2006-12-14 13:51:28.4] [I] system.tempDir = C:\DOCUME~1\FABIJA~1\LOCALS~1\Temp\
[2006-12-14 13:51:28.4] [I] application.argc = 1
[2006-12-14 13:51:28.4] [I] application.argv[0] = z:\poco\current\Servlet\runtime\Moltod.exe
[2006-12-14 13:51:28.4] [I] application.baseName = Moltod
[2006-12-14 13:51:28.4] [I] application.configDir = z:\poco\current\Servlet\runtime\
[2006-12-14 13:51:28.5] [I] application.dir = z:\poco\current\Servlet\runtime\
[2006-12-14 13:51:28.5] [I] application.name = Moltod.exe
[2006-12-14 13:51:28.5] [I] application.path = z:\poco\current\Servlet\runtime\Moltod.exe
[2006-12-14 13:51:28.5] [I] Startup OK.
[2006-12-14 13:51:28.6] [I] Loading from webapps ServletTest based in z:\poco\current\Servlet\runtime\webapps\ServletTest\
[2006-12-14 13:51:29.0] [I] Starting server z:\poco\current\Servlet\runtime\webservers\PocoServer\
[2006-12-14 13:51:39.5] [I] shutting down
[2006-12-14 14:50:51.0] [I] Starting up ...
[2006-12-14 14:50:51.0] [I] Arguments to main():
[2006-12-14 14:50:51.0] [I] LOG.properties = log/propertiesd
[2006-12-14 14:50:51.0] [I] WEBAPPS.dir = webapps
[2006-12-14 14:50:51.0] [I] WEBSERVERS.dir = webservers
[2006-12-14 14:50:51.0] [I] system.osName = Windows NT
[2006-12-14 14:50:51.0] [I] system.osVersion = 5.2 (Build 3790: Service Pack 1)
[2006-12-14 14:50:51.1] [I] system.osArchitecture = IA32
[2006-12-14 14:50:51.1] [I] system.nodeName = A-FABIJANIC
[2006-12-14 14:50:51.1] [I] system.currentDir = z:\poco\current\Servlet\runtime\
[2006-12-14 14:50:51.1] [I] system.homeDir = C:\Documents and Settings\fabijanica\
[2006-12-14 14:50:51.1] [I] system.tempDir = C:\DOCUME~1\FABIJA~1\LOCALS~1\Temp\
[2006-12-14 14:50:51.1] [I] application.argc = 1
[2006-12-14 14:50:51.1] [I] application.argv[0] = z:\poco\current\Servlet\runtime\Moltod.exe
[2006-12-14 14:50:51.1] [I] application.baseName = Moltod
[2006-12-14 14:50:51.1] [I] application.configDir = z:\poco\current\Servlet\runtime\
[2006-12-14 14:50:51.1] [I] application.dir = z:\poco\current\Servlet\runtime\
[2006-12-14 14:50:51.1] [I] application.name = Moltod.exe
[2006-12-14 14:50:51.1] [I] application.path = z:\poco\current\Servlet\runtime\Moltod.exe
[2006-12-14 14:50:51.1] [I] Startup OK.
[2006-12-14 14:50:51.3] [I] Loading from webapps ServletTest based in z:\poco\current\Servlet\runtime\webapps\ServletTest\
[2006-12-14 14:50:51.6] [E] Cannot load library: No manifest in z:\poco\current\Servlet\runtime\webapps\ServletTest\WEB-INF\classes\TestServletd.dll
[2006-12-14 14:50:51.6] [I] Starting server z:\poco\current\Servlet\runtime\webservers\PocoServer\
[2006-12-14 14:52:08.9] [I] shutting down
[2006-12-14 14:57:11.6] [I] Starting up ...
[2006-12-14 14:57:11.7] [I] Arguments to main():
[2006-12-14 14:57:11.7] [I] LOG.properties = log/propertiesd
[2006-12-14 14:57:11.7] [I] WEBAPPS.dir = webapps
[2006-12-14 14:57:11.7] [I] WEBSERVERS.dir = webservers
[2006-12-14 14:57:11.7] [I] system.osName = Windows NT
[2006-12-14 14:57:11.7] [I] system.osVersion = 5.2 (Build 3790: Service Pack 1)
[2006-12-14 14:57:11.7] [I] system.osArchitecture = IA32
[2006-12-14 14:57:11.7] [I] system.nodeName = A-FABIJANIC
[2006-12-14 14:57:11.7] [I] system.currentDir = z:\poco\current\Servlet\runtime\
[2006-12-14 14:57:11.7] [I] system.homeDir = C:\Documents and Settings\fabijanica\
[2006-12-14 14:57:11.7] [I] system.tempDir = C:\DOCUME~1\FABIJA~1\LOCALS~1\Temp\
[2006-12-14 14:57:11.7] [I] application.argc = 1
[2006-12-14 14:57:11.7] [I] application.argv[0] = z:\poco\current\Servlet\runtime\Moltod.exe
[2006-12-14 14:57:11.7] [I] application.baseName = Moltod
[2006-12-14 14:57:11.7] [I] application.configDir = z:\poco\current\Servlet\runtime\
[2006-12-14 14:57:11.7] [I] application.dir = z:\poco\current\Servlet\runtime\
[2006-12-14 14:57:11.7] [I] application.name = Moltod.exe
[2006-12-14 14:57:11.7] [I] application.path = z:\poco\current\Servlet\runtime\Moltod.exe
[2006-12-14 14:57:11.7] [I] Startup OK.
[2006-12-14 14:57:11.9] [I] Loading from webapps ServletTest based in z:\poco\current\Servlet\runtime\webapps\ServletTest\
[2006-12-14 14:57:12.3] [E] Cannot load library: No manifest in z:\poco\current\Servlet\runtime\webapps\ServletTest\WEB-INF\classes\TestServletd.dll
[2006-12-14 14:57:12.3] [I] Starting server z:\poco\current\Servlet\runtime\webservers\PocoServer\
[2006-12-14 15:00:19.1] [I] Starting up ...
[2006-12-14 15:00:19.1] [I] Arguments to main():
[2006-12-14 15:00:19.1] [I] LOG.properties = log/propertiesd
[2006-12-14 15:00:19.1] [I] WEBAPPS.dir = webapps
[2006-12-14 15:00:19.1] [I] WEBSERVERS.dir = webservers
[2006-12-14 15:00:19.2] [I] system.osName = Windows NT
[2006-12-14 15:00:19.2] [I] system.osVersion = 5.2 (Build 3790: Service Pack 1)
[2006-12-14 15:00:19.2] [I] system.osArchitecture = IA32
[2006-12-14 15:00:19.2] [I] system.nodeName = A-FABIJANIC
[2006-12-14 15:00:19.2] [I] system.currentDir = z:\poco\current\Servlet\runtime\
[2006-12-14 15:00:19.2] [I] system.homeDir = C:\Documents and Settings\fabijanica\
[2006-12-14 15:00:19.2] [I] system.tempDir = C:\DOCUME~1\FABIJA~1\LOCALS~1\Temp\
[2006-12-14 15:00:19.2] [I] application.argc = 1
[2006-12-14 15:00:19.2] [I] application.argv[0] = z:\poco\current\Servlet\runtime\Moltod.exe
[2006-12-14 15:00:19.2] [I] application.baseName = Moltod
[2006-12-14 15:00:19.2] [I] application.configDir = z:\poco\current\Servlet\runtime\
[2006-12-14 15:00:19.2] [I] application.dir = z:\poco\current\Servlet\runtime\
[2006-12-14 15:00:19.2] [I] application.name = Moltod.exe
[2006-12-14 15:00:19.2] [I] application.path = z:\poco\current\Servlet\runtime\Moltod.exe
[2006-12-14 15:00:19.2] [I] Startup OK.
[2006-12-14 15:00:19.4] [I] Loading from webapps ServletTest based in z:\poco\current\Servlet\runtime\webapps\ServletTest\
[2006-12-14 15:00:19.7] [E] Cannot load library: No manifest in z:\poco\current\Servlet\runtime\webapps\ServletTest\WEB-INF\classes\TestServletd.dll
[2006-12-14 15:00:19.7] [I] Starting server z:\poco\current\Servlet\runtime\webservers\PocoServer\
[2006-12-14 15:05:02.5] [I] Starting up ...
[2006-12-14 15:05:02.5] [I] Arguments to main():
[2006-12-14 15:05:02.5] [I] LOG.properties = log/propertiesd
[2006-12-14 15:05:02.5] [I] WEBAPPS.dir = webapps
[2006-12-14 15:05:02.5] [I] WEBSERVERS.dir = webservers
[2006-12-14 15:05:02.5] [I] system.osName = Windows NT
[2006-12-14 15:05:02.5] [I] system.osVersion = 5.2 (Build 3790: Service Pack 1)
[2006-12-14 15:05:02.5] [I] system.osArchitecture = IA32
[2006-12-14 15:05:02.5] [I] system.nodeName = A-FABIJANIC
[2006-12-14 15:05:02.5] [I] system.currentDir = z:\poco\current\Servlet\runtime\
[2006-12-14 15:05:02.5] [I] system.homeDir = C:\Documents and Settings\fabijanica\
[2006-12-14 15:05:02.5] [I] system.tempDir = C:\DOCUME~1\FABIJA~1\LOCALS~1\Temp\
[2006-12-14 15:05:02.5] [I] application.argc = 1
[2006-12-14 15:05:02.5] [I] application.argv[0] = z:\poco\current\Servlet\runtime\Moltod.exe
[2006-12-14 15:05:02.5] [I] application.baseName = Moltod
[2006-12-14 15:05:02.5] [I] application.configDir = z:\poco\current\Servlet\runtime\
[2006-12-14 15:05:02.5] [I] application.dir = z:\poco\current\Servlet\runtime\
[2006-12-14 15:05:02.5] [I] application.name = Moltod.exe
[2006-12-14 15:05:02.5] [I] application.path = z:\poco\current\Servlet\runtime\Moltod.exe
[2006-12-14 15:05:02.5] [I] Startup OK.
[2006-12-14 15:05:02.7] [I] Loading from webapps ServletTest based in z:\poco\current\Servlet\runtime\webapps\ServletTest\
[2006-12-14 15:05:03.1] [I] Starting server z:\poco\current\Servlet\runtime\webservers\PocoServer\
[2006-12-14 15:05:18.6] [I] shutting down
[2006-12-14 15:11:08.3] [I] Starting up ...
[2006-12-14 15:11:08.3] [I] Arguments to main():
[2006-12-14 15:11:08.3] [I] LOG.properties = log/propertiesd
[2006-12-14 15:11:08.3] [I] WEBAPPS.dir = webapps
[2006-12-14 15:11:08.3] [I] WEBSERVERS.dir = webservers
[2006-12-14 15:11:08.3] [I] system.osName = Windows NT
[2006-12-14 15:11:08.3] [I] system.osVersion = 5.2 (Build 3790: Service Pack 1)
[2006-12-14 15:11:08.3] [I] system.osArchitecture = IA32
[2006-12-14 15:11:08.3] [I] system.nodeName = A-FABIJANIC
[2006-12-14 15:11:08.3] [I] system.currentDir = z:\poco\current\Servlet\runtime\
[2006-12-14 15:11:08.3] [I] system.homeDir = C:\Documents and Settings\fabijanica\
[2006-12-14 15:11:08.4] [I] system.tempDir = C:\DOCUME~1\FABIJA~1\LOCALS~1\Temp\
[2006-12-14 15:11:08.4] [I] application.argc = 1
[2006-12-14 15:11:08.4] [I] application.argv[0] = z:\poco\current\Servlet\runtime\Moltod.exe
[2006-12-14 15:11:08.4] [I] application.baseName = Moltod
[2006-12-14 15:11:08.4] [I] application.configDir = z:\poco\current\Servlet\runtime\
[2006-12-14 15:11:08.4] [I] application.dir = z:\poco\current\Servlet\runtime\
[2006-12-14 15:11:08.4] [I] application.name = Moltod.exe
[2006-12-14 15:11:08.4] [I] application.path = z:\poco\current\Servlet\runtime\Moltod.exe
[2006-12-14 15:11:08.4] [I] Startup OK.
[2006-12-14 15:11:08.5] [I] Loading from webapps ServletTest based in z:\poco\current\Servlet\runtime\webapps\ServletTest\
[2006-12-14 15:11:08.9] [I] Starting server z:\poco\current\Servlet\runtime\webservers\PocoServer\
[2006-12-14 15:11:14.4] [I] shutting down
[2006-12-14 16:54:05.9] [I] Starting up ...
[2006-12-14 16:54:05.9] [I] Arguments to main():
[2006-12-14 16:54:06.0] [I] LOG.properties = log/propertiesd
[2006-12-14 16:54:06.0] [I] WEBAPPS.dir = webapps
[2006-12-14 16:54:06.0] [I] WEBSERVERS.dir = webservers
[2006-12-14 16:54:06.0] [I] system.osName = Windows NT
[2006-12-14 16:54:06.0] [I] system.osVersion = 5.2 (Build 3790: Service Pack 1)
[2006-12-14 16:54:06.0] [I] system.osArchitecture = IA32
[2006-12-14 16:54:06.0] [I] system.nodeName = A-FABIJANIC
[2006-12-14 16:54:06.0] [I] system.currentDir = z:\poco\current\Servlet\runtime\
[2006-12-14 16:54:06.0] [I] system.homeDir = C:\Documents and Settings\fabijanica\
[2006-12-14 16:54:06.0] [I] system.tempDir = C:\DOCUME~1\FABIJA~1\LOCALS~1\Temp\
[2006-12-14 16:54:06.0] [I] application.argc = 1
[2006-12-14 16:54:06.0] [I] application.argv[0] = z:\poco\current\Servlet\runtime\Moltod.exe
[2006-12-14 16:54:06.0] [I] application.baseName = Moltod
[2006-12-14 16:54:06.0] [I] application.configDir = z:\poco\current\Servlet\runtime\
[2006-12-14 16:54:06.0] [I] application.dir = z:\poco\current\Servlet\runtime\
[2006-12-14 16:54:06.0] [I] application.name = Moltod.exe
[2006-12-14 16:54:06.0] [I] application.path = z:\poco\current\Servlet\runtime\Moltod.exe
[2006-12-14 16:54:06.0] [I] Startup OK.
[2006-12-14 16:54:06.2] [I] Loading from webapps ServletTest based in z:\poco\current\Servlet\runtime\webapps\ServletTest\
[2006-12-14 16:54:06.5] [I] Starting server z:\poco\current\Servlet\runtime\webservers\PocoServer\
[2006-12-14 16:54:11.9] [I] shutting down
[2006-12-14 16:59:43.7] [I] Starting up ...
[2006-12-14 16:59:43.7] [I] Arguments to main():
[2006-12-14 16:59:43.7] [I] LOG.properties = log/propertiesd
[2006-12-14 16:59:43.7] [I] WEBAPPS.dir = webapps
[2006-12-14 16:59:43.7] [I] WEBSERVERS.dir = webservers
[2006-12-14 16:59:43.7] [I] system.osName = Windows NT
[2006-12-14 16:59:43.7] [I] system.osVersion = 5.2 (Build 3790: Service Pack 1)
[2006-12-14 16:59:43.7] [I] system.osArchitecture = IA32
[2006-12-14 16:59:43.7] [I] system.nodeName = A-FABIJANIC
[2006-12-14 16:59:43.7] [I] system.currentDir = z:\poco\current\Servlet\runtime\
[2006-12-14 16:59:43.7] [I] system.homeDir = C:\Documents and Settings\fabijanica\
[2006-12-14 16:59:43.7] [I] system.tempDir = C:\DOCUME~1\FABIJA~1\LOCALS~1\Temp\
[2006-12-14 16:59:43.7] [I] application.argc = 1
[2006-12-14 16:59:43.7] [I] application.argv[0] = z:\poco\current\Servlet\runtime\Moltod.exe
[2006-12-14 16:59:43.7] [I] application.baseName = Moltod
[2006-12-14 16:59:43.7] [I] application.configDir = z:\poco\current\Servlet\runtime\
[2006-12-14 16:59:43.7] [I] application.dir = z:\poco\current\Servlet\runtime\
[2006-12-14 16:59:43.7] [I] application.name = Moltod.exe
[2006-12-14 16:59:43.7] [I] application.path = z:\poco\current\Servlet\runtime\Moltod.exe
[2006-12-14 16:59:43.8] [I] Startup OK.
[2006-12-14 16:59:43.9] [I] Loading from webapps ServletTest based in z:\poco\current\Servlet\runtime\webapps\ServletTest\
[2006-12-14 16:59:44.3] [I] Starting server z:\poco\current\Servlet\runtime\webservers\PocoServer\
[2006-12-14 16:59:49.8] [I] shutting down
[2006-12-14 17:00:06.1] [I] Starting up ...
[2006-12-14 17:00:06.1] [I] Arguments to main():
[2006-12-14 17:00:06.2] [I] LOG.properties = log/propertiesd
[2006-12-14 17:00:06.2] [I] WEBAPPS.dir = webapps
[2006-12-14 17:00:06.2] [I] WEBSERVERS.dir = webservers
[2006-12-14 17:00:06.2] [I] system.osName = Windows NT
[2006-12-14 17:00:06.2] [I] system.osVersion = 5.2 (Build 3790: Service Pack 1)
[2006-12-14 17:00:06.2] [I] system.osArchitecture = IA32
[2006-12-14 17:00:06.2] [I] system.nodeName = A-FABIJANIC
[2006-12-14 17:00:06.2] [I] system.currentDir = Z:\poco\current\Servlet\runtime\
[2006-12-14 17:00:06.2] [I] system.homeDir = C:\Documents and Settings\fabijanica\
[2006-12-14 17:00:06.2] [I] system.tempDir = C:\DOCUME~1\FABIJA~1\LOCALS~1\Temp\
[2006-12-14 17:00:06.2] [I] application.argc = 1
[2006-12-14 17:00:06.2] [I] application.argv[0] = Moltod.exe
[2006-12-14 17:00:06.2] [I] application.baseName = Moltod
[2006-12-14 17:00:06.2] [I] application.configDir = Z:\poco\current\Servlet\runtime\
[2006-12-14 17:00:06.2] [I] application.dir = Z:\poco\current\Servlet\runtime\
[2006-12-14 17:00:06.2] [I] application.name = Moltod.exe
[2006-12-14 17:00:06.2] [I] application.path = Z:\poco\current\Servlet\runtime\Moltod.exe
[2006-12-14 17:00:06.2] [I] Startup OK.
[2006-12-14 17:00:06.4] [I] Loading from webapps ServletTest based in Z:\poco\current\Servlet\runtime\webapps\ServletTest\
[2006-12-14 17:00:06.7] [I] Starting server Z:\poco\current\Servlet\runtime\webservers\PocoServer\
[2006-12-14 17:00:12.3] [I] shutting down
[2006-12-15 08:22:22.5] [I] Starting up ...
[2006-12-15 08:22:22.5] [I] Arguments to main():
[2006-12-15 08:22:22.5] [I] LOG.properties = log/properties
[2006-12-15 08:22:22.5] [I] WEBAPPS.dir = webapps
[2006-12-15 08:22:22.5] [I] WEBSERVERS.dir = webservers
[2006-12-15 08:22:22.5] [I] system.osName = Windows NT
[2006-12-15 08:22:22.5] [I] system.osVersion = 5.2 (Build 3790: Service Pack 1)
[2006-12-15 08:22:22.5] [I] system.osArchitecture = IA32
[2006-12-15 08:22:22.5] [I] system.nodeName = A-FABIJANIC
[2006-12-15 08:22:22.5] [I] system.currentDir = z:\poco\current\Servlet\runtime\
[2006-12-15 08:22:22.5] [I] system.homeDir = C:\Documents and Settings\fabijanica\
[2006-12-15 08:22:22.5] [I] system.tempDir = C:\DOCUME~1\FABIJA~1\LOCALS~1\Temp\
[2006-12-15 08:22:22.5] [I] application.argc = 1
[2006-12-15 08:22:22.5] [I] application.argv[0] = z:\poco\current\Servlet\runtime\Molto.exe
[2006-12-15 08:22:22.5] [I] application.baseName = Molto
[2006-12-15 08:22:22.5] [I] application.configDir = z:\poco\current\Servlet\runtime\
[2006-12-15 08:22:22.5] [I] application.dir = z:\poco\current\Servlet\runtime\
[2006-12-15 08:22:22.5] [I] application.name = Molto.exe
[2006-12-15 08:22:22.5] [I] application.path = z:\poco\current\Servlet\runtime\Molto.exe
[2006-12-15 08:22:22.5] [I] Startup OK.
[2006-12-15 08:22:22.6] [I] Loading from webapps ServletTest based in z:\poco\current\Servlet\runtime\webapps\ServletTest\
[2006-12-15 08:22:23.0] [I] Starting server z:\poco\current\Servlet\runtime\webservers\PocoServer\
[2006-12-15 08:22:28.4] [I] shutting down
[2006-12-15 09:14:46.8] [I] Starting up ...
[2006-12-15 09:14:46.8] [I] Arguments to main():
[2006-12-15 09:14:46.8] [I] LOG.properties = log/properties
[2006-12-15 09:14:46.9] [I] WEBAPPS.dir = webapps
[2006-12-15 09:14:46.9] [I] WEBSERVERS.dir = webservers
[2006-12-15 09:14:46.9] [I] system.osName = Windows NT
[2006-12-15 09:14:46.9] [I] system.osVersion = 5.2 (Build 3790: Service Pack 1)
[2006-12-15 09:14:46.9] [I] system.osArchitecture = IA32
[2006-12-15 09:14:46.9] [I] system.nodeName = A-FABIJANIC
[2006-12-15 09:14:46.9] [I] system.currentDir = z:\poco\current\Servlet\runtime\
[2006-12-15 09:14:46.9] [I] system.homeDir = C:\Documents and Settings\fabijanica\
[2006-12-15 09:14:46.9] [I] system.tempDir = C:\DOCUME~1\FABIJA~1\LOCALS~1\Temp\
[2006-12-15 09:14:46.9] [I] application.argc = 1
[2006-12-15 09:14:46.9] [I] application.argv[0] = z:\poco\current\Servlet\runtime\Molto.exe
[2006-12-15 09:14:46.9] [I] application.baseName = Molto
[2006-12-15 09:14:46.9] [I] application.configDir = z:\poco\current\Servlet\runtime\
[2006-12-15 09:14:46.9] [I] application.dir = z:\poco\current\Servlet\runtime\
[2006-12-15 09:14:46.9] [I] application.name = Molto.exe
[2006-12-15 09:14:46.9] [I] application.path = z:\poco\current\Servlet\runtime\Molto.exe
[2006-12-15 09:14:46.9] [I] Startup OK.
[2006-12-15 09:14:47.0] [I] Loading from webapps ServletTest based in z:\poco\current\Servlet\runtime\webapps\ServletTest\
[2006-12-15 09:14:47.3] [I] Starting server z:\poco\current\Servlet\runtime\webservers\PocoServer\
[2006-12-15 09:14:57.7] [I] shutting down
[2006-12-15 17:00:42.4] [I] Starting up ...
[2006-12-15 17:00:42.4] [I] Arguments to main():
[2006-12-15 17:00:42.4] [I] LOG.properties = log/propertiesd
[2006-12-15 17:00:42.5] [I] WEBAPPS.dir = webapps
[2006-12-15 17:00:42.5] [I] WEBSERVERS.dir = webservers
[2006-12-15 17:00:42.5] [I] system.osName = Windows NT
[2006-12-15 17:00:42.5] [I] system.osVersion = 5.1 (Build 2600: Service Pack 2)
[2006-12-15 17:00:42.5] [I] system.osArchitecture = IA32
[2006-12-15 17:00:42.5] [I] system.nodeName = ALEX-VMWARE-2
[2006-12-15 17:00:42.5] [I] system.currentDir = z:\poco\current\Servlet\runtime\
[2006-12-15 17:00:42.5] [I] system.homeDir = C:\Documents and Settings\Administrator\
[2006-12-15 17:00:42.5] [I] system.tempDir = C:\DOCUME~1\ADMINI~1\LOCALS~1\Temp\
[2006-12-15 17:00:42.5] [I] application.argc = 1
[2006-12-15 17:00:42.5] [I] application.argv[0] = z:\poco\current\Servlet\runtime\Moltod.exe
[2006-12-15 17:00:42.6] [I] application.baseName = Moltod
[2006-12-15 17:00:42.6] [I] application.configDir = z:\poco\current\Servlet\runtime\
[2006-12-15 17:00:42.6] [I] application.dir = z:\poco\current\Servlet\runtime\
[2006-12-15 17:00:42.6] [I] application.name = Moltod.exe
[2006-12-15 17:00:42.6] [I] application.path = z:\poco\current\Servlet\runtime\Moltod.exe
[2006-12-15 17:00:42.6] [I] Startup OK.
[2006-12-15 17:00:42.8] [I] Loading from webapps ServletTest based in z:\poco\current\Servlet\runtime\webapps\ServletTest\
[2006-12-15 17:00:43.8] [I] Starting server z:\poco\current\Servlet\runtime\webservers\PocoServer\
[2006-12-15 17:01:39.6] [I] shutting down
